<?xml version="1.0" encoding="UTF-8"?>
<testng-results ignored="0" total="0" passed="0" failed="0" skipped="0">
  <reporter-output>
  </reporter-output>
  <suite started-at="2021-06-01T10:40:26 CDT" name="Default suite" finished-at="2021-06-01T10:40:30 CDT" duration-ms="3562">
    <groups>
    </groups>
    <test started-at="2021-06-01T10:40:26 CDT" name="Default test" finished-at="2021-06-01T10:40:30 CDT" duration-ms="3562">
      <class name="test.TestNGDemo">
        <test-method is-config="true" signature="setUpTest()[pri:0, instance:test.TestNGDemo@70325e14]" started-at="2021-06-01T10:40:26 CDT" name="setUpTest" finished-at="2021-06-01T10:40:29 CDT" duration-ms="2616" status="PASS">
          <reporter-output>
          </reporter-output>
        </test-method> <!-- setUpTest -->
        <test-method is-config="true" signature="tearDownTest()[pri:0, instance:test.TestNGDemo@70325e14]" started-at="2021-06-01T10:40:29 CDT" name="tearDownTest" finished-at="2021-06-01T10:40:30 CDT" duration-ms="930" status="PASS">
          <reporter-output>
          </reporter-output>
        </test-method> <!-- tearDownTest -->
      </class> <!-- test.TestNGDemo -->
    </test> <!-- Default test -->
  </suite> <!-- Default suite -->
</testng-results>
